<?xml version="1.0" encoding="UTF-8"?>
<testsuite xmlns:xsi="http://www.w3.org/2001/XMLSchema-instance" xsi:noNamespaceSchemaLocation="https://maven.apache.org/surefire/maven-surefire-plugin/xsd/surefire-test-report-3.0.xsd" version="3.0" name="com.yiguardsilverfa.YiGuardSilverFaApplicationTests" time="3.702" tests="1" errors="0" skipped="0" failures="0">
  <properties>
[...]
</properties>
  <testcase name="contextLoads" classname="com.yiguardsilverfa.YiGuardSilverFaApplicationTests" time="0.839">
    <system-out><![CDATA[16:00:28.616 [main] INFO org.springframework.test.context.support.AnnotationConfigContextLoaderUtils -- Could not detect default configuration classes for test class [com.yiguardsilverfa.YiGuardSilverFaApplicationTests]: YiGuardSilverFaApplicationTests does not declare any static, non-private, non-final, nested classes annotated with @Configuration.
16:00:28.735 [main] INFO org.springframework.boot.test.context.SpringBootTestContextBootstrapper -- Found @SpringBootConfiguration com.yiguardsilverfa.YiGuardSilverFaApplication for test class com.yiguardsilverfa.YiGuardSilverFaApplicationTests

  .   ____          _            __ _ _
 /\\ / ___'_ __ _ _(_)_ __  __ _ \ \ \ \
( ( )\___ | '_ | '_| | '_ \/ _` | \ \ \ \
 \\/  ___)| |_)| | | | | || (_| |  ) ) ) )
  '  |____| .__|_| |_|_| |_\__, | / / / /
 =========|_|==============|___/=/_/_/_/
 :: Spring Boot ::                (v3.2.5)

2026-04-04 16:00:29 [main] WARN  o.s.b.t.j.DuplicateJsonObjectContextCustomizerFactory$DuplicateJsonObjectContextCustomizer - 

Found multiple occurrences of org.json.JSONObject on the class path:

	jar:file:/D:/by/javaWeb/maven/maven_repo/org/json/json/20231013/json-20231013.jar!/org/json/JSONObject.class
	jar:file:/D:/by/javaWeb/maven/maven_repo/com/vaadin/external/google/android-json/0.0.20131108.vaadin1/android-json-0.0.20131108.vaadin1.jar!/org/json/JSONObject.class

You may wish to exclude one of them to ensure predictable runtime behavior

2026-04-04 16:00:29 [main] INFO  c.y.YiGuardSilverFaApplicationTests - Starting YiGuardSilverFaApplicationTests using Java 17.0.11 with PID 67268 (started by xmq in D:\by\计算机设计大赛\YifaSilverGuard)
2026-04-04 16:00:29 [main] DEBUG c.y.YiGuardSilverFaApplicationTests - Running with Spring Boot v3.2.5, Spring v6.1.6
2026-04-04 16:00:29 [main] INFO  c.y.YiGuardSilverFaApplicationTests - No active profile set, falling back to 1 default profile: "default"
2026-04-04 16:00:29 [main] INFO  o.s.d.r.c.RepositoryConfigurationDelegate - Multiple Spring Data modules found, entering strict repository configuration mode
2026-04-04 16:00:29 [main] INFO  o.s.d.r.c.RepositoryConfigurationDelegate - Bootstrapping Spring Data Redis repositories in DEFAULT mode.
2026-04-04 16:00:29 [main] INFO  o.s.d.r.c.RepositoryConfigurationDelegate - Finished Spring Data repository scanning in 21 ms. Found 0 Redis repository interfaces.
Logging initialized using 'class org.apache.ibatis.logging.stdout.StdOutImpl' adapter.
2026-04-04 16:00:31 [main] INFO  c.y.YiGuardSilverFaApplicationTests - Started YiGuardSilverFaApplicationTests in 2.391 seconds (process running for 3.31)
]]></system-out>
  </testcase>
</testsuite>